Uninstall oem147.inf
Remove 000000000163DFA8
Uninstall oem182.inf
Remove 0000000003960328
Uninstall oem195.inf
Remove 0000000003961BD8
Uninstall oem196.inf
Remove 0000000003961C38
Remove USB\VID_1782&PID_4D27&REV_0001&MI_05
Remove USB\VID_1782&PID_4D27&MI_05
Remove USB\VID_1782&PID_4D03&REV_0001
Remove USB\VID_1782&PID_4D03
Remove USB\VID_1782&PID_4D27&REV_0001&MI_04
Remove USB\VID_1782&PID_4D27&MI_04
Remove USB\VID_1782&PID_4D27&REV_0001&MI_03
Remove USB\VID_1782&PID_4D27&MI_03
Remove USB\VID_1782&PID_4D27&REV_0001&MI_02
Remove USB\VID_1782&PID_4D27&MI_02
Remove USB\VID_18D1&PID_4EE7&REV_0414
Remove USB\VID_18D1&PID_4EE7
Remove USB\VID_1782&PID_4D27&REV_0001&MI_00
Remove USB\VID_1782&PID_4D27&MI_00
Remove USB\VID_1782&PID_4D27&REV_0001
Remove USB\VID_1782&PID_4D27
Remove USB\VID_1782&PID_000C&REV_0001&MI_00
Remove USB\VID_1782&PID_000C&MI_00
Remove USB\VID_1782&PID_4D00&REV_0001
Remove USB\VID_1782&PID_4D00
Remove USB\VID_1782&PID_000C&REV_0001
Remove USB\VID_1782&PID_000C
Remove USB\VID_1782&PID_4D03&REV_0001&MI_01
Remove USB\VID_1782&PID_4D03&MI_01
Remove USB\VID_1782&PID_4D03&REV_0001&MI_00
Remove USB\VID_1782&PID_4D03&MI_00
Remove USB\VID_1782&PID_000C&REV_0001&MI_02
Remove USB\VID_1782&PID_000C&MI_02
Remove USB\VID_1782&PID_000C&REV_0001&MI_03
Remove USB\VID_1782&PID_000C&MI_03
