[2024-09-14 15:02:18:587] StartDevNtfThread
[2024-09-14 15:02:18:587] DevHound is started, ID = 35344
[2024-09-14 15:02:18:587] EnumProc() is started.
[2024-09-14 15:02:18:587] HoundThreadProc start!
[2024-09-14 15:03:31:338] SendToUpLayer port = 5 Removed
[2024-09-14 15:03:31:338] USB port 5 removed out.
[2024-09-14 15:03:31:338] [hDiagPhone = 0x24C0048] Port = 5, Set Remove Event!
[2024-09-14 15:03:31:338] SendToUpLayer port = 6 Removed
[2024-09-14 15:03:31:338] SendToUpLayer port = 7 Removed
[2024-09-14 15:03:31:338] USB port 6 removed out.
[2024-09-14 15:03:31:338] SendToUpLayer port = 8 Removed
[2024-09-14 15:03:31:338] [hDiagPhone = 0x24C0048] Port = 6, Set Remove Event!
[2024-09-14 15:03:31:338] USB port 7 removed out.
[2024-09-14 15:03:31:343] [hDiagPhone = 0x24C0048] Port = 7, Set Remove Event!
[2024-09-14 15:03:31:343] USB port 8 removed out.
[2024-09-14 15:03:31:343] [hDiagPhone = 0x24C0048] Port = 8, Set Remove Event!
[2024-09-14 15:37:24:732] RegDiagEvent()
[2024-09-14 15:37:24:732] UnRegister, hDiagPhone = 0x024C0048
[2024-09-14 15:37:24:732] DiagPhone Found, erased.
[2024-09-14 15:37:24:732] StopDevNtfThread()
[2024-09-14 15:37:24:732] HoundThreadProc stopped!
[2024-09-14 15:37:24:732] DevHound stopped!
[2024-09-14 15:37:24:732] DevHound is stopped
[2024-09-14 15:37:24:732] EnumProc() is stopped.
